<?xml version="1.0" encoding="UTF-8"?>
<!-- Generated by org.testng.reporters.JUnitXMLReporter -->
<testsuite ignored="0" hostname="LAPTOP-NEB2UBL9" failures="0" tests="3" name="Default test" time="8.652" errors="0" timestamp="2024-07-10T21:39:45 IST">
  <testcase classname="com.tests.HomePageTest" name="testPageTitle" time="0.017"/>
  <testcase classname="com.tests.HomePageTest" name="testPageUrl" time="0.002"/>
  <testcase classname="com.tests.HomePageTest" name="testSearch" time="0.537"/>
</testsuite> <!-- Default test -->
